#
# There is insufficient memory for the Java Runtime Environment to continue.
# Native memory allocation (mmap) failed to map 266338304 bytes for G1 virtual space
# Possible reasons:
#   The system is out of physical RAM or swap space
#   The process is running with CompressedOops enabled, and the Java Heap may be blocking the growth of the native heap
# Possible solutions:
#   Reduce memory load on the system
#   Increase physical memory or swap space
#   Check if swap backing store is full
#   Decrease Java heap size (-Xmx/-Xms)
#   Decrease number of Java threads
#   Decrease Java thread stack sizes (-Xss)
#   Set larger code cache with -XX:ReservedCodeCacheSize=
#   JVM is running with Zero Based Compressed Oops mode in which the Java heap is
#     placed in the first 32GB address space. The Java Heap base address is the
#     maximum limit for the native heap growth. Please use -XX:HeapBaseMinAddress
#     to set the Java Heap base and to place the Java Heap above 32GB virtual address.
# This output file may be truncated or incomplete.
#
#  Out of Memory Error (os_windows.cpp:3760), pid=12704, tid=12208
#
# JRE version:  (17.0.5+1) (build )
# Java VM: OpenJDK 64-Bit Server VM (17.0.5+1-b653.25, mixed mode, sharing, tiered, compressed oops, compressed class ptrs, g1 gc, windows-amd64)
# No core dump will be written. Minidumps are not enabled by default on client versions of Windows
#

---------------  S U M M A R Y ------------

Command Line: git4idea.http.GitAskPassApp Username for 'https://gitee.com': 

Host: 12th Gen Intel(R) Core(TM) i7-12700H, 20 cores, 15G,  Windows 11 , 64 bit Build 22621 (10.0.22621.1635)
Time: Sat May 13 19:47:42 2023  Windows 11 , 64 bit Build 22621 (10.0.22621.1635) elapsed time: 0.009456 seconds (0d 0h 0m 0s)

---------------  T H R E A D  ---------------

Current thread (0x000001a90944b1f0):  JavaThread "Unknown thread" [_thread_in_vm, id=12208, stack(0x00000028eeb00000,0x00000028eec00000)]

Stack: [0x00000028eeb00000,0x00000028eec00000]
Native frames: (J=compiled Java code, j=interpreted, Vv=VM code, C=native code)
V  [jvm.dll+0x6830ca]
V  [jvm.dll+0x83f4c4]
V  [jvm.dll+0x840c6e]
V  [jvm.dll+0x8412d3]
V  [jvm.dll+0x2490b5]
V  [jvm.dll+0x67ff99]
V  [jvm.dll+0x6744aa]
V  [jvm.dll+0x308f2b]
V  [jvm.dll+0x3103e6]
V  [jvm.dll+0x36013e]
V  [jvm.dll+0x36036f]
V  [jvm.dll+0x2df018]
V  [jvm.dll+0x2dff84]
V  [jvm.dll+0x810d91]
V  [jvm.dll+0x36df31]
V  [jvm.dll+0x7f028c]
V  [jvm.dll+0x3f0cbf]
V  [jvm.dll+0x3f2801]
C  [jli.dll+0x526b]
C  [ucrtbase.dll+0x29363]
C  [KERNEL32.DLL+0x126ad]
C  [ntdll.dll+0x5a9f8]


---------------  P R O C E S S  ---------------

Threads class SMR info:
_java_thread_list=0x00007ffdea6d8f98, length=0, elements={
}

Java Threads: ( => current thread )

Other Threads:
  0x000001a9094bbe10 GCTaskThread "GC Thread#0" [stack: 0x00000028eec00000,0x00000028eed00000] [id=9640]
  0x000001a9094ccb80 ConcurrentGCThread "G1 Main Marker" [stack: 0x00000028eed00000,0x00000028eee00000] [id=28636]
  0x000001a9094cd590 ConcurrentGCThread "G1 Conc#0" [stack: 0x00000028eee00000,0x00000028eef00000] [id=3056]

[error occurred during error reporting (printing all threads), id 0xc0000005, EXCEPTION_ACCESS_VIOLATION (0xc0000005) at pc=0x00007ffde9e8fbd7]

VM state: not at safepoint (not fully initialized)

VM Mutex/Monitor currently owned by a thread:  ([mutex/lock_event])
[0x000001a9094468a0] Heap_lock - owner thread: 0x000001a90944b1f0

Heap address: 0x0000000703200000, size: 4046 MB, Compressed Oops mode: Zero based, Oop shift amount: 3

CDS archive(s) mapped at: [0x0000000000000000-0x0000000000000000-0x0000000000000000), size 0, SharedBaseAddress: 0x0000000800000000, ArchiveRelocationMode: 0.
Narrow klass base: 0x0000000000000000, Narrow klass shift: 0, Narrow klass range: 0x0

GC Precious Log:
<Empty>

Heap:
 garbage-first heap   total 0K, used 0K [0x0000000703200000, 0x0000000800000000)
  region size 2048K, 0 young (0K), 0 survivors (0K)

[error occurred during error reporting (printing heap information), id 0xc0000005, EXCEPTION_ACCESS_VIOLATION (0xc0000005) at pc=0x00007ffdea27cd59]

GC Heap History (0 events):
No events

Dll operation events (1 events):
Event: 0.006 Loaded shared library D:\develop\IntelliJ IDEA 2022.3.2\jbr\bin\java.dll

Deoptimization events (0 events):
No events

Classes unloaded (0 events):
No events

Classes redefined (0 events):
No events

Internal exceptions (0 events):
No events

VM Operations (0 events):
No events

Events (0 events):
No events


Dynamic libraries:
0x00007ff6decf0000 - 0x00007ff6decfa000 	D:\develop\IntelliJ IDEA 2022.3.2\jbr\bin\java.exe
0x00007ffe65610000 - 0x00007ffe65824000 	C:\WINDOWS\SYSTEM32\ntdll.dll
0x00007ffe65410000 - 0x00007ffe654d2000 	C:\WINDOWS\System32\KERNEL32.DLL
0x00007ffe62c60000 - 0x00007ffe63003000 	C:\WINDOWS\System32\KERNELBASE.dll
0x00007ffe632f0000 - 0x00007ffe63401000 	C:\WINDOWS\System32\ucrtbase.dll
0x00007ffe5c3f0000 - 0x00007ffe5c407000 	D:\develop\IntelliJ IDEA 2022.3.2\jbr\bin\jli.dll
0x00007ffe5bb00000 - 0x00007ffe5bb1b000 	D:\develop\IntelliJ IDEA 2022.3.2\jbr\bin\VCRUNTIME140.dll
0x00007ffe645e0000 - 0x00007ffe6478b000 	C:\WINDOWS\System32\USER32.dll
0x00007ffe632c0000 - 0x00007ffe632e6000 	C:\WINDOWS\System32\win32u.dll
0x00007ffe638d0000 - 0x00007ffe638f9000 	C:\WINDOWS\System32\GDI32.dll
0x00007ffe48050000 - 0x00007ffe482de000 	C:\WINDOWS\WinSxS\amd64_microsoft.windows.common-controls_6595b64144ccf1df_6.0.22621.1635_none_270f70857386168e\COMCTL32.dll
0x00007ffe631a0000 - 0x00007ffe632b8000 	C:\WINDOWS\System32\gdi32full.dll
0x00007ffe63b10000 - 0x00007ffe63bb7000 	C:\WINDOWS\System32\msvcrt.dll
0x00007ffe63100000 - 0x00007ffe6319a000 	C:\WINDOWS\System32\msvcp_win.dll
0x00007ffe63bc0000 - 0x00007ffe63bf1000 	C:\WINDOWS\System32\IMM32.DLL
0x00007ffe5db80000 - 0x00007ffe5db8c000 	D:\develop\IntelliJ IDEA 2022.3.2\jbr\bin\vcruntime140_1.dll
0x00007ffe53fc0000 - 0x00007ffe5404d000 	D:\develop\IntelliJ IDEA 2022.3.2\jbr\bin\msvcp140.dll
0x00007ffde9ba0000 - 0x00007ffdea80b000 	D:\develop\IntelliJ IDEA 2022.3.2\jbr\bin\server\jvm.dll
0x00007ffe63a60000 - 0x00007ffe63b0e000 	C:\WINDOWS\System32\ADVAPI32.dll
0x00007ffe63410000 - 0x00007ffe634b4000 	C:\WINDOWS\System32\sechost.dll
0x00007ffe63c00000 - 0x00007ffe63d17000 	C:\WINDOWS\System32\RPCRT4.dll
0x00007ffe53080000 - 0x00007ffe530b4000 	C:\WINDOWS\SYSTEM32\WINMM.dll
0x00007ffe56b60000 - 0x00007ffe56b69000 	C:\WINDOWS\SYSTEM32\WSOCK32.dll
0x00007ffe590c0000 - 0x00007ffe590ca000 	C:\WINDOWS\SYSTEM32\VERSION.dll
0x00007ffe64d10000 - 0x00007ffe64d81000 	C:\WINDOWS\System32\WS2_32.dll
0x00007ffe61b70000 - 0x00007ffe61b88000 	C:\WINDOWS\SYSTEM32\kernel.appcore.dll
0x00007ffe5f590000 - 0x00007ffe5f59a000 	D:\develop\IntelliJ IDEA 2022.3.2\jbr\bin\jimage.dll
0x00007ffe600e0000 - 0x00007ffe6030e000 	C:\WINDOWS\SYSTEM32\DBGHELP.DLL
0x00007ffe63540000 - 0x00007ffe638c9000 	C:\WINDOWS\System32\combase.dll
0x00007ffe63960000 - 0x00007ffe63a37000 	C:\WINDOWS\System32\OLEAUT32.dll
0x00007ffe4f490000 - 0x00007ffe4f4c2000 	C:\WINDOWS\SYSTEM32\dbgcore.DLL
0x00007ffe63010000 - 0x00007ffe6308b000 	C:\WINDOWS\System32\bcryptPrimitives.dll
0x00007ffe5b560000 - 0x00007ffe5b585000 	D:\develop\IntelliJ IDEA 2022.3.2\jbr\bin\java.dll

dbghelp: loaded successfully - version: 4.0.5 - missing functions: none
symbol engine: initialized successfully - sym options: 0x614 - pdb path: .;D:\develop\IntelliJ IDEA 2022.3.2\jbr\bin;C:\WINDOWS\SYSTEM32;C:\WINDOWS\WinSxS\amd64_microsoft.windows.common-controls_6595b64144ccf1df_6.0.22621.1635_none_270f70857386168e;D:\develop\IntelliJ IDEA 2022.3.2\jbr\bin\server

VM Arguments:
java_command: git4idea.http.GitAskPassApp Username for 'https://gitee.com': 
java_class_path (initial): D:/develop/IntelliJ IDEA 2022.3.2/plugins/vcs-git/lib/git4idea-rt.jar;D:/develop/IntelliJ IDEA 2022.3.2/lib/externalProcess-rt.jar;D:/develop/IntelliJ IDEA 2022.3.2/lib/app.jar;D:/develop/IntelliJ IDEA 2022.3.2/lib/3rd-party-rt.jar
Launcher Type: SUN_STANDARD

[Global flags]
     intx CICompilerCount                          = 12                                        {product} {ergonomic}
     uint ConcGCThreads                            = 4                                         {product} {ergonomic}
     uint G1ConcRefinementThreads                  = 15                                        {product} {ergonomic}
   size_t G1HeapRegionSize                         = 2097152                                   {product} {ergonomic}
    uintx GCDrainStackTargetSize                   = 64                                        {product} {ergonomic}
   size_t InitialHeapSize                          = 266338304                                 {product} {ergonomic}
   size_t MarkStackSize                            = 4194304                                   {product} {ergonomic}
   size_t MaxHeapSize                              = 4242538496                                {product} {ergonomic}
   size_t MinHeapDeltaBytes                        = 2097152                                   {product} {ergonomic}
   size_t MinHeapSize                              = 8388608                                   {product} {ergonomic}
    uintx NonNMethodCodeHeapSize                   = 7602480                                {pd product} {ergonomic}
    uintx NonProfiledCodeHeapSize                  = 122027880                              {pd product} {ergonomic}
    uintx ProfiledCodeHeapSize                     = 122027880                              {pd product} {ergonomic}
    uintx ReservedCodeCacheSize                    = 251658240                              {pd product} {ergonomic}
     bool SegmentedCodeCache                       = true                                      {product} {ergonomic}
   size_t SoftMaxHeapSize                          = 4242538496                             {manageable} {ergonomic}
     bool UseCompressedClassPointers               = true                           {product lp64_product} {ergonomic}
     bool UseCompressedOops                        = true                           {product lp64_product} {ergonomic}
     bool UseG1GC                                  = true                                      {product} {ergonomic}
     bool UseLargePagesIndividualAllocation        = false                                  {pd product} {ergonomic}

Logging:
Log output configuration:
 #0: stdout all=warning uptime,level,tags
 #1: stderr all=off uptime,level,tags

Environment Variables:
JAVA_HOME=D:\develop\jdk\jdk1.8.0_341
PATH=D:\develop\Git\mingw64\libexec\git-core;D:\develop\Git\mingw64\libexec\git-core;D:\develop\Git\mingw64\bin;D:\develop\Git\usr\bin;C:\Users\Async\bin;C:\Program Files (x86)\Common Files\Intel\Shared Libraries\redist\intel64\compiler;C:\Program Files (x86)\Common Files\Oracle\Java\javapath;D:\develop\jdk\jdk1.8.0_341\bin;D:\develop\jdk\jdk1.8.0_341\jre\bin;D:\develop\apache-maven-3.6.3\bin;C:\Program Files\MySQL\MySQL Server 8.0\bin;D:\develop\VMware Workstation\bin;C:\Windows\system32;C:\Windows;C:\Windows\System32\Wbem;C:\Windows\System32\WindowsPowerShell\v1.0;C:\Windows\System32\OpenSSH;C:\Program Files (x86)\NVIDIA Corporation\PhysX\Common;C:\Program Files\NVIDIA Corporation\NVIDIA NvDLISR;C:\WINDOWS\system32;C:\WINDOWS;C:\WINDOWS\System32\Wbem;C:\WINDOWS\System32\WindowsPowerShell\v1.0;C:\WINDOWS\System32\OpenSSH;D:\software\NVIDIA Corporation\NVIDIA NvDLISR;C:\Program Files\dotnet;D:\develop\Tencent\微信web开发者工具\dll;C:\WINDOWS\system32;C:\WINDOWS;C:\WINDOWS\System32\Wbem;C:\WINDOWS\System32\WindowsPowerShell\v1.0;C:\WINDOWS\System32\OpenSSH;C:\Program Files\MySQL\MySQL Shell 8.0\bin;D:\develop\Python\Python311\Scripts;D:\develop\Python\Python311;C:\Users\Async\AppData\Local\Microsoft\WindowsApps;C:\Program Files\Bandizip;D:\develop\VS Code\bin;D:\develop\cpolar;D:\develop\IntelliJ IDEA 2022.3.2\bin
USERNAME=Async
DISPLAY=:0.0
LC_ALL=en_US.UTF-8
TERM=xterm-256color
TMPDIR=C:\Users\Async\AppData\Local\Temp
OS=Windows_NT
PROCESSOR_IDENTIFIER=Intel64 Family 6 Model 154 Stepping 3, GenuineIntel
TMP=C:\Users\Async\AppData\Local\Temp
TEMP=C:\Users\Async\AppData\Local\Temp



---------------  S Y S T E M  ---------------

OS:
 Windows 11 , 64 bit Build 22621 (10.0.22621.1635)
OS uptime: 2 days 0:06 hours

CPU: total 20 (initial active 20) (10 cores per cpu, 2 threads per core) family 6 model 154 stepping 3 microcode 0x41c, cx8, cmov, fxsr, ht, mmx, 3dnowpref, sse, sse2, sse3, ssse3, sse4.1, sse4.2, popcnt, lzcnt, tsc, tscinvbit, avx, avx2, aes, erms, clmul, bmi1, bmi2, adx, sha, fma, vzeroupper, clflush, clflushopt, clwb

Memory: 4k page, system-wide physical 16176M (4812M free)
TotalPageFile size 41776M (AvailPageFile size 11M)
current process WorkingSet (physical memory assigned to process): 11M, peak: 11M
current process commit charge ("private bytes"): 75M, peak: 329M

vm_info: OpenJDK 64-Bit Server VM (17.0.5+1-b653.25) for windows-amd64 JRE (17.0.5+1-b653.25), built on 2023-01-04 by "builduser" with MS VC++ 16.10 / 16.11 (VS2019)

END.
